mode: set
github.com/AmitSuresh/playground/playservices/main.go:17.50,29.2 9 1
github.com/AmitSuresh/playground/playservices/main.go:30.13,39.12 3 1
github.com/AmitSuresh/playground/playservices/main.go:39.12,41.34 2 1
github.com/AmitSuresh/playground/playservices/main.go:41.34,43.4 1 0
github.com/AmitSuresh/playground/playservices/main.go:46.2,51.13 5 1
github.com/AmitSuresh/playground/playservices/main.go:52.20,53.38 1 0
github.com/AmitSuresh/playground/playservices/main.go:54.10,55.61 1 0
github.com/AmitSuresh/playground/playservices/main.go:59.2,64.16 4 0
github.com/AmitSuresh/playground/playservices/main.go:64.16,66.3 1 0
